nohup: ignoring input
Using Device: cuda | Mode: ALIF | Compile: True
Loading Dataset...
Loading data from ../sequential_mnist/train.pt...
Loading data from ../sequential_mnist/test.pt...
Input Dimension: 1
Parameters: hidden_size=128, lr=0.001, epochs=50
Broadcast mode: random, Use compile: True
Model architecture: RSNN(
  (model): ALIFNeuron(
    (w_in): Linear(in_features=1, out_features=128, bias=False)
    (w_rec): Linear(in_features=128, out_features=128, bias=False)
    (w_out): Linear(in_features=128, out_features=10, bias=False)
  )
)
Total parameters: 17792
Starting Training...
Epoch Time: 474.38s
Epoch 1/50 | Train Loss: 2.1740 Acc: 14.22% | Test Loss: 2.0446 Acc: 19.96%
Epoch Time: 470.85s
Epoch 2/50 | Train Loss: 2.0211 Acc: 20.42% | Test Loss: 1.9931 Acc: 20.69%
Epoch Time: 471.13s
Epoch 3/50 | Train Loss: 1.9664 Acc: 23.40% | Test Loss: 1.9378 Acc: 24.22%
Epoch Time: 471.01s
Epoch 4/50 | Train Loss: 1.9228 Acc: 26.41% | Test Loss: 1.9091 Acc: 26.87%
Epoch Time: 470.81s
Epoch 5/50 | Train Loss: 1.9158 Acc: 25.64% | Test Loss: 1.8952 Acc: 24.31%
Epoch Time: 471.27s
Epoch 6/50 | Train Loss: 1.9367 Acc: 26.70% | Test Loss: 1.8847 Acc: 27.28%
Epoch Time: 471.50s
Epoch 7/50 | Train Loss: 1.9657 Acc: 26.16% | Test Loss: 2.1354 Acc: 23.62%
Epoch Time: 466.96s
Epoch 8/50 | Train Loss: 1.9571 Acc: 25.09% | Test Loss: 1.9339 Acc: 24.69%
Epoch Time: 469.37s
Epoch 9/50 | Train Loss: 1.9200 Acc: 25.72% | Test Loss: 1.9472 Acc: 28.73%
Epoch Time: 466.56s
Epoch 10/50 | Train Loss: 1.9065 Acc: 28.01% | Test Loss: 1.9094 Acc: 28.61%
Epoch Time: 457.71s
Epoch 11/50 | Train Loss: 1.9112 Acc: 29.32% | Test Loss: 1.8967 Acc: 30.61%
Epoch Time: 469.51s
Epoch 12/50 | Train Loss: 1.8549 Acc: 29.42% | Test Loss: 1.8357 Acc: 30.66%
Epoch Time: 470.38s
Epoch 13/50 | Train Loss: 1.8165 Acc: 31.35% | Test Loss: 1.8789 Acc: 34.71%
Epoch Time: 472.09s
Epoch 14/50 | Train Loss: 1.8740 Acc: 33.18% | Test Loss: 1.9899 Acc: 27.55%
Epoch Time: 472.45s
Epoch 15/50 | Train Loss: 1.8685 Acc: 31.67% | Test Loss: 1.7868 Acc: 33.52%
Epoch Time: 470.88s
Epoch 16/50 | Train Loss: 1.9135 Acc: 31.09% | Test Loss: 1.8618 Acc: 31.37%
Epoch Time: 471.46s
Epoch 17/50 | Train Loss: 1.9414 Acc: 32.42% | Test Loss: 2.2804 Acc: 29.17%
Epoch Time: 468.93s
Epoch 18/50 | Train Loss: 2.0409 Acc: 28.54% | Test Loss: 2.0379 Acc: 27.43%
Epoch Time: 460.29s
Epoch 19/50 | Train Loss: 1.9998 Acc: 27.38% | Test Loss: 2.4247 Acc: 21.81%
Epoch Time: 471.47s
Epoch 20/50 | Train Loss: 2.6943 Acc: 26.73% | Test Loss: 2.1910 Acc: 35.55%
Epoch Time: 472.24s
Epoch 21/50 | Train Loss: 2.0338 Acc: 41.89% | Test Loss: 2.0499 Acc: 41.44%
Epoch Time: 471.89s
Epoch 22/50 | Train Loss: 2.0019 Acc: 43.83% | Test Loss: 1.8618 Acc: 45.50%
Epoch Time: 471.92s
Epoch 23/50 | Train Loss: 2.0963 Acc: 41.88% | Test Loss: 2.3902 Acc: 37.14%
Epoch Time: 470.88s
Epoch 24/50 | Train Loss: 2.5864 Acc: 34.60% | Test Loss: 2.5576 Acc: 30.86%
Epoch Time: 468.45s
Epoch 25/50 | Train Loss: 2.6233 Acc: 35.46% | Test Loss: 2.4834 Acc: 38.15%
Epoch Time: 470.13s
Epoch 26/50 | Train Loss: 2.6150 Acc: 35.81% | Test Loss: 2.4334 Acc: 40.59%
Epoch Time: 472.62s
Epoch 27/50 | Train Loss: 14.2185 Acc: 33.98% | Test Loss: 21.0188 Acc: 13.38%
Epoch Time: 471.70s
Epoch 28/50 | Train Loss: 3.6421 Acc: 12.34% | Test Loss: 2.4787 Acc: 13.31%
Epoch Time: 471.92s
Epoch 29/50 | Train Loss: 2.2991 Acc: 13.12% | Test Loss: 2.1907 Acc: 13.17%
Epoch Time: 471.79s
Epoch 30/50 | Train Loss: 2.0992 Acc: 15.23% | Test Loss: 2.0366 Acc: 16.75%
Epoch Time: 471.95s
Epoch 31/50 | Train Loss: 2.0076 Acc: 16.79% | Test Loss: 2.0061 Acc: 17.38%
Epoch Time: 471.50s
Epoch 32/50 | Train Loss: 2.0238 Acc: 21.15% | Test Loss: 2.1458 Acc: 23.26%
Epoch Time: 471.33s
Epoch 33/50 | Train Loss: 2.4957 Acc: 16.49% | Test Loss: 3.4703 Acc: 19.28%
Epoch Time: 473.10s
Epoch 34/50 | Train Loss: 2.5057 Acc: 21.77% | Test Loss: 2.2759 Acc: 24.68%
Epoch Time: 473.27s
Epoch 35/50 | Train Loss: 2.2024 Acc: 26.26% | Test Loss: 2.3123 Acc: 27.81%
Epoch Time: 472.17s
Epoch 36/50 | Train Loss: 2.1895 Acc: 28.25% | Test Loss: 2.2225 Acc: 29.62%
Epoch Time: 471.95s
Epoch 37/50 | Train Loss: 2.0823 Acc: 28.07% | Test Loss: 1.9781 Acc: 28.09%
Epoch Time: 471.54s
Epoch 38/50 | Train Loss: 2.0163 Acc: 29.77% | Test Loss: 2.0288 Acc: 32.69%
Epoch Time: 471.99s
Epoch 39/50 | Train Loss: 2.0036 Acc: 32.79% | Test Loss: 2.0300 Acc: 32.88%
Epoch Time: 471.26s
Epoch 40/50 | Train Loss: 2.0295 Acc: 32.65% | Test Loss: 2.0627 Acc: 30.75%
Epoch Time: 471.72s
Epoch 41/50 | Train Loss: 2.2425 Acc: 30.82% | Test Loss: 2.0875 Acc: 30.21%
Epoch Time: 470.40s
Epoch 42/50 | Train Loss: 2.0928 Acc: 31.15% | Test Loss: 2.0276 Acc: 30.48%
